<?xml version="1.0" encoding="UTF-8"?>
<robot generator="Robot 3.1.2 (Python 3.7.4 on darwin)" generated="20200331 19:15:20.129" rpa="false">
<suite id="s1" name="registrationTest" source="/Users/user/Desktop/tester/TestCases/registrationTest.robot">
<test id="s1-t1" name="Registraion Test Case">
<kw name="Open My Browser" library="RegistrationKeywords">
<arguments>
<arg>${siteURL}</arg>
<arg>${Browser}</arg>
</arguments>
<kw name="Open Browser" library="SeleniumLibrary">
<doc>Opens a new browser instance to the optional ``url``.</doc>
<arguments>
<arg>${siteURL}</arg>
<arg>${Browser}</arg>
</arguments>
<msg timestamp="20200331 19:15:20.263" level="INFO">Opening browser 'chrome' to base url 'http://newtours.demoaut.com/mercuryregister.php'.</msg>
<status status="PASS" starttime="20200331 19:15:20.263" endtime="20200331 19:15:23.983"></status>
</kw>
<kw name="Maximize Browser Window" library="SeleniumLibrary">
<doc>Maximizes current browser window.</doc>
<status status="PASS" starttime="20200331 19:15:23.984" endtime="20200331 19:15:24.127"></status>
</kw>
<status status="PASS" starttime="20200331 19:15:20.262" endtime="20200331 19:15:24.127"></status>
</kw>
<kw name="Click Registration Link" library="RegistrationKeywords">
<kw name="Click Link" library="SeleniumLibrary">
<doc>Clicks a link identified by ``locator``.</doc>
<arguments>
<arg>${link_reg}</arg>
</arguments>
<msg timestamp="20200331 19:15:24.129" level="INFO">Clicking link 'link:REGISTER'.</msg>
<status status="PASS" starttime="20200331 19:15:24.128" endtime="20200331 19:15:24.830"></status>
</kw>
<status status="PASS" starttime="20200331 19:15:24.128" endtime="20200331 19:15:24.830"></status>
</kw>
<kw name="Enter First Name" library="RegistrationKeywords">
<arguments>
<arg>David</arg>
</arguments>
<kw name="Input Text" library="SeleniumLibrary">
<doc>Types the given ``text`` into the text field identified by ``locator``.</doc>
<arguments>
<arg>${txt_firstName}</arg>
<arg>${firstName}</arg>
</arguments>
<msg timestamp="20200331 19:15:24.831" level="INFO">Typing text 'David' into text field 'name:firstName'.</msg>
<status status="PASS" starttime="20200331 19:15:24.831" endtime="20200331 19:15:25.004"></status>
</kw>
<status status="PASS" starttime="20200331 19:15:24.831" endtime="20200331 19:15:25.005"></status>
</kw>
<kw name="Enter Last Name" library="RegistrationKeywords">
<arguments>
<arg>John</arg>
</arguments>
<kw name="Input Text" library="SeleniumLibrary">
<doc>Types the given ``text`` into the text field identified by ``locator``.</doc>
<arguments>
<arg>${txt_lastName}</arg>
<arg>${lastName}</arg>
</arguments>
<msg timestamp="20200331 19:15:25.005" level="INFO">Typing text 'John' into text field 'name:lastName'.</msg>
<status status="PASS" starttime="20200331 19:15:25.005" endtime="20200331 19:15:25.101"></status>
</kw>
<status status="PASS" starttime="20200331 19:15:25.005" endtime="20200331 19:15:25.101"></status>
</kw>
<kw name="Enter Phone" library="RegistrationKeywords">
<arguments>
<arg>123456789</arg>
</arguments>
<kw name="Input Text" library="SeleniumLibrary">
<doc>Types the given ``text`` into the text field identified by ``locator``.</doc>
<arguments>
<arg>${txt_phone}</arg>
<arg>${phone}</arg>
</arguments>
<msg timestamp="20200331 19:15:25.102" level="INFO">Typing text '123456789' into text field 'name:phone'.</msg>
<status status="PASS" starttime="20200331 19:15:25.102" endtime="20200331 19:15:25.218"></status>
</kw>
<status status="PASS" starttime="20200331 19:15:25.101" endtime="20200331 19:15:25.219"></status>
</kw>
<kw name="Enter Email" library="RegistrationKeywords">
<arguments>
<arg>davidjohn@gmail.com</arg>
</arguments>
<kw name="Input Text" library="SeleniumLibrary">
<doc>Types the given ``text`` into the text field identified by ``locator``.</doc>
<arguments>
<arg>${txt_email}</arg>
<arg>${email}</arg>
</arguments>
<msg timestamp="20200331 19:15:25.219" level="INFO">Typing text 'davidjohn@gmail.com' into text field 'name:userName'.</msg>
<status status="PASS" starttime="20200331 19:15:25.219" endtime="20200331 19:15:25.414"></status>
</kw>
<status status="PASS" starttime="20200331 19:15:25.219" endtime="20200331 19:15:25.414"></status>
</kw>
<kw name="Enter Address1" library="RegistrationKeywords">
<arguments>
<arg>Toronto</arg>
</arguments>
<kw name="Input Text" library="SeleniumLibrary">
<doc>Types the given ``text`` into the text field identified by ``locator``.</doc>
<arguments>
<arg>${txt_add1}</arg>
<arg>${address1}</arg>
</arguments>
<msg timestamp="20200331 19:15:25.415" level="INFO">Typing text 'Toronto' into text field 'name:address1'.</msg>
<status status="PASS" starttime="20200331 19:15:25.415" endtime="20200331 19:15:25.512"></status>
</kw>
<status status="PASS" starttime="20200331 19:15:25.414" endtime="20200331 19:15:25.512"></status>
</kw>
<kw name="Enter Address2" library="RegistrationKeywords">
<arguments>
<arg>Canada</arg>
</arguments>
<kw name="Input Text" library="SeleniumLibrary">
<doc>Types the given ``text`` into the text field identified by ``locator``.</doc>
<arguments>
<arg>${txt_add2}</arg>
<arg>${address2}</arg>
</arguments>
<msg timestamp="20200331 19:15:25.512" level="INFO">Typing text 'Canada' into text field 'name:address2'.</msg>
<status status="PASS" starttime="20200331 19:15:25.512" endtime="20200331 19:15:25.614"></status>
</kw>
<status status="PASS" starttime="20200331 19:15:25.512" endtime="20200331 19:15:25.614"></status>
</kw>
<kw name="Enter City" library="RegistrationKeywords">
<arguments>
<arg>Toronto</arg>
</arguments>
<kw name="Input Text" library="SeleniumLibrary">
<doc>Types the given ``text`` into the text field identified by ``locator``.</doc>
<arguments>
<arg>${txt_city}</arg>
<arg>${city}</arg>
</arguments>
<msg timestamp="20200331 19:15:25.615" level="INFO">Typing text 'Toronto' into text field 'name:city'.</msg>
<status status="PASS" starttime="20200331 19:15:25.615" endtime="20200331 19:15:25.706"></status>
</kw>
<status status="PASS" starttime="20200331 19:15:25.614" endtime="20200331 19:15:25.706"></status>
</kw>
<kw name="Enter State" library="RegistrationKeywords">
<arguments>
<arg>Brampton</arg>
</arguments>
<kw name="Input Text" library="SeleniumLibrary">
<doc>Types the given ``text`` into the text field identified by ``locator``.</doc>
<arguments>
<arg>${txt_state}</arg>
<arg>${state}</arg>
</arguments>
<msg timestamp="20200331 19:15:25.707" level="INFO">Typing text 'Brampton' into text field 'name:state'.</msg>
<status status="PASS" starttime="20200331 19:15:25.707" endtime="20200331 19:15:25.800"></status>
</kw>
<status status="PASS" starttime="20200331 19:15:25.707" endtime="20200331 19:15:25.800"></status>
</kw>
<kw name="Enter PostCode" library="RegistrationKeywords">
<arguments>
<arg>L3S 1E7</arg>
</arguments>
<kw name="Input Text" library="SeleniumLibrary">
<doc>Types the given ``text`` into the text field identified by ``locator``.</doc>
<arguments>
<arg>${txt_postcode}</arg>
<arg>${postecode}</arg>
</arguments>
<msg timestamp="20200331 19:15:25.800" level="INFO">Typing text 'L3S 1E7' into text field 'name:postalCode'.</msg>
<status status="PASS" starttime="20200331 19:15:25.800" endtime="20200331 19:15:25.896"></status>
</kw>
<status status="PASS" starttime="20200331 19:15:25.800" endtime="20200331 19:15:25.896"></status>
</kw>
<kw name="Enter Country" library="RegistrationKeywords">
<arguments>
<arg>CANADA</arg>
</arguments>
<kw name="Select From List By Label" library="SeleniumLibrary">
<doc>Selects options from selection list ``locator`` by ``labels``.</doc>
<arguments>
<arg>${drp_country}</arg>
<arg>${country}</arg>
</arguments>
<msg timestamp="20200331 19:15:25.897" level="INFO">Selecting options from selection list 'name:country' by label CANADA.</msg>
<status status="PASS" starttime="20200331 19:15:25.897" endtime="20200331 19:15:25.961"></status>
</kw>
<status status="PASS" starttime="20200331 19:15:25.896" endtime="20200331 19:15:25.962"></status>
</kw>
<kw name="Enter userName" library="RegistrationKeywords">
<arguments>
<arg>johnxyz</arg>
</arguments>
<kw name="Input Text" library="SeleniumLibrary">
<doc>Types the given ``text`` into the text field identified by ``locator``.</doc>
<arguments>
<arg>${txt_userName}</arg>
<arg>${username}</arg>
</arguments>
<msg timestamp="20200331 19:15:25.962" level="INFO">Typing text 'johnxyz' into text field 'name:email'.</msg>
<status status="PASS" starttime="20200331 19:15:25.962" endtime="20200331 19:15:26.051"></status>
</kw>
<status status="PASS" starttime="20200331 19:15:25.962" endtime="20200331 19:15:26.051"></status>
</kw>
<kw name="Enter Password" library="RegistrationKeywords">
<arguments>
<arg>johnxyz</arg>
</arguments>
<kw name="Input Text" library="SeleniumLibrary">
<doc>Types the given ``text`` into the text field identified by ``locator``.</doc>
<arguments>
<arg>${txt_Password}</arg>
<arg>${password}</arg>
</arguments>
<msg timestamp="20200331 19:15:26.051" level="INFO">Typing text 'johnxyz' into text field 'name:password'.</msg>
<status status="PASS" starttime="20200331 19:15:26.051" endtime="20200331 19:15:26.136"></status>
</kw>
<status status="PASS" starttime="20200331 19:15:26.051" endtime="20200331 19:15:26.136"></status>
</kw>
<kw name="Enter confirmPassword" library="RegistrationKeywords">
<arguments>
<arg>johnxyz</arg>
</arguments>
<kw name="Input Text" library="SeleniumLibrary">
<doc>Types the given ``text`` into the text field identified by ``locator``.</doc>
<arguments>
<arg>${txt_Confirmpassword}</arg>
<arg>${confirmpassword}</arg>
</arguments>
<msg timestamp="20200331 19:15:26.136" level="INFO">Typing text 'johnxyz' into text field 'name:confirmPassword'.</msg>
<status status="PASS" starttime="20200331 19:15:26.136" endtime="20200331 19:15:26.222"></status>
</kw>
<status status="PASS" starttime="20200331 19:15:26.136" endtime="20200331 19:15:26.222"></status>
</kw>
<kw name="Enter Submit" library="RegistrationKeywords">
<kw name="Click Button" library="SeleniumLibrary">
<doc>Clicks the button identified by ``locator``.</doc>
<arguments>
<arg>${btn_submit}</arg>
</arguments>
<msg timestamp="20200331 19:15:26.223" level="INFO">Clicking button 'xpath://input[@name='register']'.</msg>
<kw name="Capture Page Screenshot" library="SeleniumLibrary">
<doc>Takes a screenshot of the current page and embeds it into a log file.</doc>
<msg timestamp="20200331 19:20:26.744" level="INFO" html="yes">&lt;/td&gt;&lt;/tr&gt;&lt;tr&gt;&lt;td colspan="3"&gt;&lt;a href="selenium-screenshot-21.png"&gt;&lt;img src="selenium-screenshot-21.png" width="800px"&gt;&lt;/a&gt;</msg>
<status status="PASS" starttime="20200331 19:20:26.298" endtime="20200331 19:20:26.744"></status>
</kw>
<msg timestamp="20200331 19:20:26.746" level="FAIL">TimeoutException: Message: timeout: Timed out receiving message from renderer: -0.006
  (Session info: chrome=80.0.3987.149)
</msg>
<status status="FAIL" starttime="20200331 19:15:26.223" endtime="20200331 19:20:26.747"></status>
</kw>
<status status="FAIL" starttime="20200331 19:15:26.222" endtime="20200331 19:20:26.747"></status>
</kw>
<status status="FAIL" starttime="20200331 19:15:20.262" endtime="20200331 19:20:26.747" critical="yes">TimeoutException: Message: timeout: Timed out receiving message from renderer: -0.006
  (Session info: chrome=80.0.3987.149)
</status>
</test>
<status status="FAIL" starttime="20200331 19:15:20.131" endtime="20200331 19:20:26.748"></status>
</suite>
<statistics>
<total>
<stat pass="0" fail="1">Critical Tests</stat>
<stat pass="0" fail="1">All Tests</stat>
</total>
<tag>
</tag>
<suite>
<stat pass="0" fail="1" id="s1" name="registrationTest">registrationTest</stat>
</suite>
</statistics>
<errors>
</errors>
</robot>
